This is a test tec=xt file for the module 7-base_geometry


BaseGeometry = __import__('7-base_geometry').BaseGeometry

>>> BaseGeometry = __import__('7-base_geometry').BaseGeometry
>>> bg = BaseGeometry()

Test integer_validator with valid inp
>>> bg.integer_validator("my_int", 192) is None
True
>>> bg.integer_validator("width", 89) is None
True
>>> bg.integer_validator("width", 1) is None
True

Test leading zeros
>>> bg.integer_validator("width", 001) is None
Traceback (most recent call last):
...
SyntaxError: leading zeros in decimal integer literals are not permitted; use an 0o prefix for octal integers

Test integer_validator with non-integer input
>>> try:
...     bg.integer_validator("name", "Sne")
... except TypeError as e:
...     str(e) == "name must be an integer"
...
True


Test integer_validator with non-positive input
>>> try:
...     bg.integer_validator("age", -1786)
... except ValueError as e:
...     str(e) == "age must be greater than 0"
...
True
>>> try:
...     bg.integer_validator("age", 0)
... except ValueError as e:
...     str(e) == "age must be greater than 0"
...
True

Test with float
>>> try:
...     bg.integer_validator("age", 0.5)
... except TypeError as e:
...     str(e) == "age must be an integer"
...
True

Test with None
>>> try:
...     bg.integer_validator("age", None)
... except TypeError as e:
...     str(e) == "age must be an integer"
...
True

Test with True
>>> try:
...     bg.integer_validator("age",True)
... except TypeError as e:
...     str(e) == "age must be an integer"
...
True

Test with tuple
>>> try:
...     bg.integer_validator("age", tuple([1]))
... except TypeError as e:
...     str(e) == "age must be an integer"
...
True

Test with list
>>> try:
...     bg.integer_validator("age", list([1]))
... except TypeError as e:
...     str(e) == "age must be an integer"
...
True

Test wrong parameter
>>> bg.integer_validator() 
Traceback (most recent call last):
  ...
TypeError: integer_validator() missing 2 required positional arguments: 'name' and 'value'
>>> bg.integer_validator(1) 
Traceback (most recent call last):
  ...
TypeError: integer_validator() missing 1 required positional argument: 'value'

Test area method
>>> try:
...     bg.area()
... except Exception as e:
...     str(e) == "area() is not implemented"
...
True

Test wrong parameter
>>> bg.area(1)
Traceback (most recent call last):
  ...
TypeError: area() takes 1 positional argument but 2 were given
